<?xml version="1.0" encoding="UTF-8"?>
<testng-results ignored="0" total="4" passed="4" failed="0" skipped="0">
  <reporter-output>
  </reporter-output>
  <suite started-at="2024-03-29T13:55:50 IST" name="Default suite" finished-at="2024-03-29T13:56:12 IST" duration-ms="21692">
    <groups>
      <group name="cucumber">
        <method signature="AbstractTestNGCucumberTests.runScenario(io.cucumber.testng.PickleWrapper,io.cucumber.testng.FeatureWrapper)[pri:0, instance:testRunners.TestRunner@185a6e9]" name="runScenario" class="io.cucumber.testng.AbstractTestNGCucumberTests"/>
      </group> <!-- cucumber -->
    </groups>
    <test started-at="2024-03-29T13:55:50 IST" name="Default test" finished-at="2024-03-29T13:56:12 IST" duration-ms="21692">
      <class name="testRunners.TestRunner">
        <test-method is-config="true" signature="setUpClass(org.testng.ITestContext)[pri:0, instance:testRunners.TestRunner@185a6e9]" started-at="2024-03-29T13:55:50 IST" name="setUpClass" finished-at="2024-03-29T13:55:50 IST" duration-ms="406" status="PASS">
          <params>
            <param index="0">
              <value>
                <![CDATA[org.testng.TestRunner@4e76dac]]>
              </value>
            </param>
          </params>
          <reporter-output>
          </reporter-output>
        </test-method> <!-- setUpClass -->
        <test-method signature="runScenario(io.cucumber.testng.PickleWrapper,io.cucumber.testng.FeatureWrapper)[pri:0, instance:testRunners.TestRunner@185a6e9]" started-at="2024-03-29T13:55:50 IST" name="runScenario" description="Runs Cucumber Scenarios" data-provider="scenarios" finished-at="2024-03-29T13:56:09 IST" duration-ms="19180" status="PASS">
          <params>
            <param index="0">
              <value>
                <![CDATA["Create and delete lead"]]>
              </value>
            </param>
            <param index="1">
              <value>
                <![CDATA["Leads feature"]]>
              </value>
            </param>
          </params>
          <reporter-output>
          </reporter-output>
        </test-method> <!-- runScenario -->
        <test-method signature="runScenario(io.cucumber.testng.PickleWrapper,io.cucumber.testng.FeatureWrapper)[pri:0, instance:testRunners.TestRunner@185a6e9]" started-at="2024-03-29T13:55:50 IST" name="runScenario" description="Runs Cucumber Scenarios" data-provider="scenarios" finished-at="2024-03-29T13:56:09 IST" duration-ms="18563" status="PASS">
          <params>
            <param index="0">
              <value>
                <![CDATA["Create and delete lead"]]>
              </value>
            </param>
            <param index="1">
              <value>
                <![CDATA["Leads feature"]]>
              </value>
            </param>
          </params>
          <reporter-output>
          </reporter-output>
        </test-method> <!-- runScenario -->
        <test-method signature="runScenario(io.cucumber.testng.PickleWrapper,io.cucumber.testng.FeatureWrapper)[pri:0, instance:testRunners.TestRunner@185a6e9]" started-at="2024-03-29T13:55:50 IST" name="runScenario" description="Runs Cucumber Scenarios" data-provider="scenarios" finished-at="2024-03-29T13:56:11 IST" duration-ms="21146" status="PASS">
          <params>
            <param index="0">
              <value>
                <![CDATA["Create and duplicate lead"]]>
              </value>
            </param>
            <param index="1">
              <value>
                <![CDATA["Leads feature"]]>
              </value>
            </param>
          </params>
          <reporter-output>
          </reporter-output>
        </test-method> <!-- runScenario -->
        <test-method signature="runScenario(io.cucumber.testng.PickleWrapper,io.cucumber.testng.FeatureWrapper)[pri:0, instance:testRunners.TestRunner@185a6e9]" started-at="2024-03-29T13:55:50 IST" name="runScenario" description="Runs Cucumber Scenarios" data-provider="scenarios" finished-at="2024-03-29T13:56:07 IST" duration-ms="16933" status="PASS">
          <params>
            <param index="0">
              <value>
                <![CDATA["Create and delete lead"]]>
              </value>
            </param>
            <param index="1">
              <value>
                <![CDATA["Leads feature"]]>
              </value>
            </param>
          </params>
          <reporter-output>
          </reporter-output>
        </test-method> <!-- runScenario -->
        <test-method is-config="true" signature="tearDownClass()[pri:0, instance:testRunners.TestRunner@185a6e9]" started-at="2024-03-29T13:56:11 IST" name="tearDownClass" finished-at="2024-03-29T13:56:12 IST" duration-ms="84" status="PASS">
          <reporter-output>
          </reporter-output>
        </test-method> <!-- tearDownClass -->
      </class> <!-- testRunners.TestRunner -->
    </test> <!-- Default test -->
  </suite> <!-- Default suite -->
</testng-results>
