<?xml version="1.0" encoding="UTF-8"?>
<testng-results ignored="0" total="1" passed="1" failed="0" skipped="0">
  <reporter-output>
  </reporter-output>
  <suite started-at="2024-12-27T16:03:35 IST" name="Default suite" finished-at="2024-12-27T16:03:54 IST" duration-ms="19867">
    <groups>
      <group name="cucumber">
        <method signature="AbstractTestNGCucumberTests.runScenario(io.cucumber.testng.PickleWrapper,io.cucumber.testng.FeatureWrapper)[pri:0, instance:testRunners.FlipkartTestRunner@8519cb4]" name="runScenario" class="io.cucumber.testng.AbstractTestNGCucumberTests"/>
      </group> <!-- cucumber -->
    </groups>
    <test started-at="2024-12-27T16:03:35 IST" name="Default test" finished-at="2024-12-27T16:03:54 IST" duration-ms="19867">
      <class name="testRunners.FlipkartTestRunner">
        <test-method is-config="true" signature="setUpClass(org.testng.ITestContext)[pri:0, instance:testRunners.FlipkartTestRunner@8519cb4]" started-at="2024-12-27T16:03:35 IST" name="setUpClass" finished-at="2024-12-27T16:03:35 IST" duration-ms="829" status="PASS">
          <params>
            <param index="0">
              <value>
                <![CDATA[org.testng.TestRunner@319642db]]>
              </value>
            </param>
          </params>
          <reporter-output>
          </reporter-output>
        </test-method> <!-- setUpClass -->
        <test-method signature="runScenario(io.cucumber.testng.PickleWrapper,io.cucumber.testng.FeatureWrapper)[pri:0, instance:testRunners.FlipkartTestRunner@8519cb4]" started-at="2024-12-27T16:03:35 IST" name="runScenario" description="Runs Cucumber Scenarios" data-provider="scenarios" finished-at="2024-12-27T16:03:54 IST" duration-ms="18431" status="PASS">
          <params>
            <param index="0">
              <value>
                <![CDATA["Verify user can add an item to cart"]]>
              </value>
            </param>
            <param index="1">
              <value>
                <![CDATA["Add To Cart"]]>
              </value>
            </param>
          </params>
          <reporter-output>
          </reporter-output>
        </test-method> <!-- runScenario -->
        <test-method is-config="true" signature="tearDownClass()[pri:0, instance:testRunners.FlipkartTestRunner@8519cb4]" started-at="2024-12-27T16:03:54 IST" name="tearDownClass" finished-at="2024-12-27T16:03:54 IST" duration-ms="553" status="PASS">
          <reporter-output>
          </reporter-output>
        </test-method> <!-- tearDownClass -->
      </class> <!-- testRunners.FlipkartTestRunner -->
    </test> <!-- Default test -->
  </suite> <!-- Default suite -->
</testng-results>
